<?xml version="1.0" encoding="UTF-8"?>
<robot generator="Robot 4.0 (Python 3.8.9 on win32)" generated="20210522 15:27:04.698" rpa="false" schemaversion="2">
<suite id="s1" name="XML Tests" source="C:\development\robot-scripts\intro\tests\XML_Tests.robot">
<test id="s1-t1" name="Verify Menu Count">
<kw name="Should be one menu in the file" library="Breakfast_Menu">
<kw name="Get Element Count" library="XML">
<var>${menu_count}</var>
<arg>${XML_MENU_PATH}</arg>
<doc>Returns and logs how many elements the given ``xpath`` matches.</doc>
<msg timestamp="20210522 15:27:04.732" level="INFO">1 element matched '.'.</msg>
<msg timestamp="20210522 15:27:04.732" level="INFO">${menu_count} = 1</msg>
<status status="PASS" starttime="20210522 15:27:04.732" endtime="20210522 15:27:04.732"/>
</kw>
<kw name="Should Be Equal As Numbers" library="BuiltIn">
<arg>${menu_count}</arg>
<arg>${EXPECTED_MENU_COUNT}</arg>
<doc>Fails if objects are unequal after converting them to real numbers.</doc>
<msg timestamp="20210522 15:27:04.732" level="INFO">Argument types are:
&lt;class 'int'&gt;
&lt;type 'unicode'&gt;</msg>
<status status="PASS" starttime="20210522 15:27:04.732" endtime="20210522 15:27:04.732"/>
</kw>
<status status="PASS" starttime="20210522 15:27:04.732" endtime="20210522 15:27:04.732"/>
</kw>
<tag>XML</tag>
<status status="PASS" starttime="20210522 15:27:04.730" endtime="20210522 15:27:04.733"/>
</test>
<test id="s1-t2" name="Verify Root">
<kw name="Verify Menu Name" library="Breakfast_Menu">
<kw name="Parse Xml" library="XML">
<var>${root}</var>
<arg>${XML_MENU_PATH}</arg>
<doc>Parses the given XML file or string into an element structure.</doc>
<msg timestamp="20210522 15:27:04.735" level="INFO">${root} = &lt;Element 'breakfast_menu' at 0x0000020B16FC0B30&gt;</msg>
<status status="PASS" starttime="20210522 15:27:04.734" endtime="20210522 15:27:04.735"/>
</kw>
<kw name="Should Be Equal" library="BuiltIn">
<arg>${root.tag}</arg>
<arg>breakfast_menu</arg>
<doc>Fails if the given objects are unequal.</doc>
<status status="PASS" starttime="20210522 15:27:04.735" endtime="20210522 15:27:04.736"/>
</kw>
<status status="PASS" starttime="20210522 15:27:04.734" endtime="20210522 15:27:04.736"/>
</kw>
<tag>XML</tag>
<status status="PASS" starttime="20210522 15:27:04.734" endtime="20210522 15:27:04.736"/>
</test>
<test id="s1-t3" name="Verify Food Count">
<kw name="Verify Food Count" library="Breakfast_Menu">
<kw name="Get Element Count" library="XML">
<var>${food_count}</var>
<arg>${XML_MENU_PATH}</arg>
<arg>food</arg>
<doc>Returns and logs how many elements the given ``xpath`` matches.</doc>
<msg timestamp="20210522 15:27:04.738" level="INFO">10 elements matched 'food'.</msg>
<msg timestamp="20210522 15:27:04.738" level="INFO">${food_count} = 10</msg>
<status status="PASS" starttime="20210522 15:27:04.738" endtime="20210522 15:27:04.738"/>
</kw>
<kw name="Should Be Equal As Numbers" library="BuiltIn">
<arg>${food_count}</arg>
<arg>${EXPECTED_FOOD_COUNT}</arg>
<doc>Fails if objects are unequal after converting them to real numbers.</doc>
<msg timestamp="20210522 15:27:04.739" level="INFO">Argument types are:
&lt;class 'int'&gt;
&lt;type 'unicode'&gt;</msg>
<msg timestamp="20210522 15:27:04.739" level="FAIL">10.0 != 5.0</msg>
<status status="FAIL" starttime="20210522 15:27:04.738" endtime="20210522 15:27:04.739"/>
</kw>
<status status="FAIL" starttime="20210522 15:27:04.737" endtime="20210522 15:27:04.739"/>
</kw>
<tag>XML</tag>
<status status="FAIL" starttime="20210522 15:27:04.737" endtime="20210522 15:27:04.739">10.0 != 5.0</status>
</test>
<test id="s1-t4" name="Verify First Food">
<kw name="Verify First Food Name" library="Breakfast_Menu">
<kw name="Get Element" library="XML">
<var>${first_food_name}</var>
<arg>${XML_MENU_PATH}</arg>
<arg>food[1]/name</arg>
<doc>Returns an element in the ``source`` matching the ``xpath``.</doc>
<msg timestamp="20210522 15:27:04.742" level="INFO">${first_food_name} = &lt;Element 'name' at 0x0000020B16FE4180&gt;</msg>
<status status="PASS" starttime="20210522 15:27:04.742" endtime="20210522 15:27:04.743"/>
</kw>
<kw name="Should Be Equal As Strings" library="BuiltIn">
<arg>${first_food_name.text}</arg>
<arg>Belgian Waffles</arg>
<doc>Fails if objects are unequal after converting them to strings.</doc>
<status status="PASS" starttime="20210522 15:27:04.743" endtime="20210522 15:27:04.743"/>
</kw>
<status status="PASS" starttime="20210522 15:27:04.741" endtime="20210522 15:27:04.743"/>
</kw>
<kw name="Verify First Food Price" library="Breakfast_Menu">
<kw name="Get Element" library="XML">
<var>${first_food_price}</var>
<arg>${XML_MENU_PATH}</arg>
<arg>food[1]/price</arg>
<doc>Returns an element in the ``source`` matching the ``xpath``.</doc>
<msg timestamp="20210522 15:27:04.744" level="INFO">${first_food_price} = &lt;Element 'price' at 0x0000020B16FE4C70&gt;</msg>
<status status="PASS" starttime="20210522 15:27:04.744" endtime="20210522 15:27:04.744"/>
</kw>
<kw name="Should Be Equal As Strings" library="BuiltIn">
<arg>${first_food_price.text}</arg>
<arg>$5.95</arg>
<doc>Fails if objects are unequal after converting them to strings.</doc>
<status status="PASS" starttime="20210522 15:27:04.745" endtime="20210522 15:27:04.745"/>
</kw>
<status status="PASS" starttime="20210522 15:27:04.744" endtime="20210522 15:27:04.745"/>
</kw>
<kw name="Verify First Food Calories" library="Breakfast_Menu">
<kw name="Get Element" library="XML">
<var>${first_food_calories}</var>
<arg>${XML_MENU_PATH}</arg>
<arg>food[1]/calories</arg>
<doc>Returns an element in the ``source`` matching the ``xpath``.</doc>
<msg timestamp="20210522 15:27:04.746" level="INFO">${first_food_calories} = &lt;Element 'calories' at 0x0000020B16FE4590&gt;</msg>
<status status="PASS" starttime="20210522 15:27:04.746" endtime="20210522 15:27:04.746"/>
</kw>
<kw name="Should Be Equal As Strings" library="BuiltIn">
<arg>${first_food_calories.text}</arg>
<arg>650</arg>
<doc>Fails if objects are unequal after converting them to strings.</doc>
<status status="PASS" starttime="20210522 15:27:04.746" endtime="20210522 15:27:04.747"/>
</kw>
<status status="PASS" starttime="20210522 15:27:04.746" endtime="20210522 15:27:04.747"/>
</kw>
<tag>XML</tag>
<status status="PASS" starttime="20210522 15:27:04.741" endtime="20210522 15:27:04.747"/>
</test>
<test id="s1-t5" name="Add a Food">
<kw name="Add New food" library="Breakfast_Menu">
<kw name="Parse Xml" library="XML">
<var>${root}</var>
<arg>${XML_MENU_PATH}</arg>
<doc>Parses the given XML file or string into an element structure.</doc>
<msg timestamp="20210522 15:27:04.750" level="INFO">${root} = &lt;Element 'breakfast_menu' at 0x0000020B16FE47C0&gt;</msg>
<status status="PASS" starttime="20210522 15:27:04.749" endtime="20210522 15:27:04.750"/>
</kw>
<kw name="Add Element" library="XML">
<arg>${root}</arg>
<arg>&lt;food&gt;&lt;/food&gt;</arg>
<doc>Adds a child element to the specified element.</doc>
<status status="PASS" starttime="20210522 15:27:04.750" endtime="20210522 15:27:04.750"/>
</kw>
<kw name="Add Element" library="XML">
<arg>${root}</arg>
<arg>&lt;name&gt;Grilled Cheese Sandwich&lt;/name&gt;</arg>
<arg>xpath=food[6]</arg>
<doc>Adds a child element to the specified element.</doc>
<status status="PASS" starttime="20210522 15:27:04.750" endtime="20210522 15:27:04.751"/>
</kw>
<kw name="Add Element" library="XML">
<arg>${root}</arg>
<arg>&lt;price&gt;$2.95&lt;/price&gt;</arg>
<arg>xpath=food[6]</arg>
<doc>Adds a child element to the specified element.</doc>
<status status="PASS" starttime="20210522 15:27:04.751" endtime="20210522 15:27:04.751"/>
</kw>
<kw name="Add Element" library="XML">
<arg>${root}</arg>
<arg>&lt;description&gt;Yummy melted cheese on grilled sourdough slice&lt;/description&gt;</arg>
<arg>xpath=food[6]</arg>
<doc>Adds a child element to the specified element.</doc>
<status status="PASS" starttime="20210522 15:27:04.751" endtime="20210522 15:27:04.751"/>
</kw>
<kw name="Add Element" library="XML">
<arg>${root}</arg>
<arg>&lt;calories&gt;300&lt;/calories&gt;</arg>
<arg>xpath=food[6]</arg>
<doc>Adds a child element to the specified element.</doc>
<status status="PASS" starttime="20210522 15:27:04.751" endtime="20210522 15:27:04.752"/>
</kw>
<kw name="Save Xml" library="XML">
<arg>${root}</arg>
<arg>${XML_MENU_PATH}</arg>
<doc>Saves the given element to the specified file.</doc>
<msg timestamp="20210522 15:27:04.753" level="INFO" html="true">XML saved to &lt;a href="file://C:\development\robot-scripts\intro\inputs\xml\menu.xml"&gt;C:\development\robot-scripts\intro\inputs\xml\menu.xml&lt;/a&gt;.</msg>
<status status="PASS" starttime="20210522 15:27:04.752" endtime="20210522 15:27:04.753"/>
</kw>
<status status="PASS" starttime="20210522 15:27:04.749" endtime="20210522 15:27:04.753"/>
</kw>
<tag>XML</tag>
<status status="PASS" starttime="20210522 15:27:04.748" endtime="20210522 15:27:04.754"/>
</test>
<doc>These are some XML tests</doc>
<status status="FAIL" starttime="20210522 15:27:04.699" endtime="20210522 15:27:04.755"/>
</suite>
<statistics>
<total>
<stat pass="4" fail="1" skip="0">All Tests</stat>
</total>
<tag>
<stat pass="4" fail="1" skip="0">XML</stat>
</tag>
<suite>
<stat pass="4" fail="1" skip="0" id="s1" name="XML Tests">XML Tests</stat>
</suite>
</statistics>
<errors>
</errors>
</robot>
