<?xml version="1.0" encoding="UTF-8"?>
<robot generator="Robot 4.0.2 (Python 3.9.5 on win32)" generated="20210525 17:17:37.197" rpa="false" schemaversion="2">
<suite id="s1" name="Locators" source="C:\development\robot-scripts\locator-demo\tests\locators.robot">
<test id="s1-t1" name="Should be able to do something">
<kw name="Open Browser" library="SeleniumLibrary">
<arg>${URL}</arg>
<arg>${BROWSER}</arg>
<doc>Opens a new browser instance to the optional ``url``.</doc>
<msg timestamp="20210525 17:17:37.421" level="INFO">Opening browser 'chrome' to base url 'http://amazon.com'.</msg>
<status status="PASS" starttime="20210525 17:17:37.421" endtime="20210525 17:17:41.547"/>
</kw>
<kw name="Mouse Over" library="SeleniumLibrary">
<arg>id=nav-link-accountList</arg>
<doc>Simulates hovering the mouse over the element ``locator``.</doc>
<msg timestamp="20210525 17:17:41.564" level="INFO">Simulating Mouse Over on element 'id=nav-link-accountList'.</msg>
<status status="PASS" starttime="20210525 17:17:41.564" endtime="20210525 17:17:41.992"/>
</kw>
<kw name="Sleep" library="BuiltIn">
<arg>2s</arg>
<doc>Pauses the test executed for the given time.</doc>
<msg timestamp="20210525 17:17:44.008" level="INFO">Slept 2 seconds</msg>
<status status="PASS" starttime="20210525 17:17:41.992" endtime="20210525 17:17:44.008"/>
</kw>
<kw name="Click Link" library="SeleniumLibrary">
<arg>default=/gp/registry/wishlist?triggerElementID=createList&amp;ref_=nav_ListFlyout_create</arg>
<doc>Clicks a link identified by ``locator``.</doc>
<msg timestamp="20210525 17:17:44.009" level="INFO">Clicking link 'default=/gp/registry/wishlist?triggerElementID=createList&amp;ref_=nav_ListFlyout_create'.</msg>
<status status="PASS" starttime="20210525 17:17:44.008" endtime="20210525 17:17:44.827"/>
</kw>
<kw name="Sleep" library="BuiltIn">
<arg>2s</arg>
<doc>Pauses the test executed for the given time.</doc>
<msg timestamp="20210525 17:17:46.842" level="INFO">Slept 2 seconds</msg>
<status status="PASS" starttime="20210525 17:17:44.827" endtime="20210525 17:17:46.842"/>
</kw>
<kw name="Close Browser" library="SeleniumLibrary">
<doc>Closes the current browser.</doc>
<status status="PASS" starttime="20210525 17:17:46.843" endtime="20210525 17:17:49.090"/>
</kw>
<status status="PASS" starttime="20210525 17:17:37.420" endtime="20210525 17:17:49.091"/>
</test>
<status status="PASS" starttime="20210525 17:17:37.199" endtime="20210525 17:17:49.092"/>
</suite>
<statistics>
<total>
<stat pass="1" fail="0" skip="0">All Tests</stat>
</total>
<tag>
</tag>
<suite>
<stat pass="1" fail="0" skip="0" id="s1" name="Locators">Locators</stat>
</suite>
</statistics>
<errors>
</errors>
</robot>
