<?xml version="1.0" encoding="UTF-8"?>
<robot generator="Robot 4.0 (Python 3.8.9 on win32)" generated="20210419 16:28:09.602" rpa="false" schemaversion="2">
<suite id="s1" name="Amazon" source="c:\development\robot-scripts\amazon\tests\amazon.robot">
<test id="s1-t1" name="User must sign in to check out">
<kw name="Open Browser" library="SeleniumLibrary">
<arg>http://www.amazon.com</arg>
<arg>${BROWSER}</arg>
<doc>Opens a new browser instance to the optional ``url``.</doc>
<msg timestamp="20210419 16:28:09.804" level="INFO">Opening browser 'firefox' to base url 'http://www.amazon.com'.</msg>
<msg timestamp="20210419 16:28:09.808" level="INFO">Firefox driver log is always forced to to: c:\development\robot-scripts\amazon\results\batch\win10Firefox\geckodriver-1.log</msg>
<status status="PASS" starttime="20210419 16:28:09.804" endtime="20210419 16:28:22.010"/>
</kw>
<kw name="Sleep" library="BuiltIn">
<arg>2s</arg>
<doc>Pauses the test executed for the given time.</doc>
<msg timestamp="20210419 16:28:24.024" level="INFO">Slept 2 seconds</msg>
<status status="PASS" starttime="20210419 16:28:22.011" endtime="20210419 16:28:24.024"/>
</kw>
<kw name="Close Browser" library="SeleniumLibrary">
<doc>Closes the current browser.</doc>
<status status="PASS" starttime="20210419 16:28:24.025" endtime="20210419 16:28:27.801"/>
</kw>
<doc>This is some basic info about the test</doc>
<tag>Smoke</tag>
<status status="PASS" starttime="20210419 16:28:09.803" endtime="20210419 16:28:27.802"/>
</test>
<doc>This is some basic info about the whole suite</doc>
<status status="PASS" starttime="20210419 16:28:09.604" endtime="20210419 16:28:27.805"/>
</suite>
<statistics>
<total>
<stat pass="1" fail="0" skip="0">All Tests</stat>
</total>
<tag>
<stat pass="1" fail="0" skip="0">Smoke</stat>
</tag>
<suite>
<stat pass="1" fail="0" skip="0" id="s1" name="Amazon">Amazon</stat>
</suite>
</statistics>
<errors>
</errors>
</robot>
