<?xml version="1.0" encoding="UTF-8"?>
<robot generator="Robot 4.0.2 (Python 3.9.5 on win32)" generated="20210606 13:53:30.959" rpa="false" schemaversion="2">
<suite id="s1" name="End to End" source="C:\development\robot-scripts\end-to-end\tests\EndToEnd\End_to_End.robot">
<test id="s1-t1" name="Should be able to access both sites">
<kw name="Begin Web Test" library="CommonWeb" type="SETUP">
<kw name="Open Browser" library="SeleniumLibrary">
<arg>about:blank</arg>
<arg>${BROWSER}</arg>
<doc>Opens a new browser instance to the optional ``url``.</doc>
<msg timestamp="20210606 13:53:31.173" level="INFO">Opening browser 'chrome' to base url 'about:blank'.</msg>
<status status="PASS" starttime="20210606 13:53:31.172" endtime="20210606 13:53:32.561"/>
</kw>
<status status="PASS" starttime="20210606 13:53:31.172" endtime="20210606 13:53:32.561"/>
</kw>
<kw name="Go to Landing Page" library="FrontOfficeApp">
<kw name="Navigate To" library="FrontOffice.Landing">
<kw name="Go To" library="SeleniumLibrary">
<arg>${URL}</arg>
<doc>Navigates the current browser window to the provided ``url``.</doc>
<msg timestamp="20210606 13:53:32.563" level="INFO">Opening url 'http://www.robotframeworktutorial.com/front-office/'</msg>
<status status="PASS" starttime="20210606 13:53:32.563" endtime="20210606 13:53:33.250"/>
</kw>
<status status="PASS" starttime="20210606 13:53:32.562" endtime="20210606 13:53:33.250"/>
</kw>
<kw name="Verify Page Loaded" library="FrontOffice.Landing">
<kw name="Wait Until Page Contains Element" library="SeleniumLibrary">
<arg>${LANDING_NAVIGATION_ELEMENT}</arg>
<doc>Waits until the element ``locator`` appears on the current page.</doc>
<status status="PASS" starttime="20210606 13:53:33.251" endtime="20210606 13:53:33.266"/>
</kw>
<status status="PASS" starttime="20210606 13:53:33.250" endtime="20210606 13:53:33.266"/>
</kw>
<status status="PASS" starttime="20210606 13:53:32.562" endtime="20210606 13:53:33.266"/>
</kw>
<kw name="Sleep" library="BuiltIn">
<arg>3s</arg>
<doc>Pauses the test executed for the given time.</doc>
<msg timestamp="20210606 13:53:36.267" level="INFO">Slept 3 seconds</msg>
<status status="PASS" starttime="20210606 13:53:33.266" endtime="20210606 13:53:36.267"/>
</kw>
<kw name="Go to Landing Page" library="BackOfficeApp">
<kw name="Navigate To" library="BackOffice.Landing">
<kw name="Go To" library="SeleniumLibrary">
<arg>${URL}</arg>
<doc>Navigates the current browser window to the provided ``url``.</doc>
<msg timestamp="20210606 13:53:36.268" level="INFO">Opening url 'http://www.robotframeworktutorial.com/front-office/'</msg>
<status status="PASS" starttime="20210606 13:53:36.268" endtime="20210606 13:53:36.398"/>
</kw>
<status status="PASS" starttime="20210606 13:53:36.268" endtime="20210606 13:53:36.398"/>
</kw>
<status status="PASS" starttime="20210606 13:53:36.268" endtime="20210606 13:53:36.398"/>
</kw>
<kw name="End Web Test" library="CommonWeb" type="TEARDOWN">
<kw name="Close All Browsers" library="SeleniumLibrary">
<doc>Closes all open browsers and resets the browser cache.</doc>
<status status="PASS" starttime="20210606 13:53:36.399" endtime="20210606 13:53:38.651"/>
</kw>
<status status="PASS" starttime="20210606 13:53:36.399" endtime="20210606 13:53:38.651"/>
</kw>
<doc>This is test 1</doc>
<tag>test1</tag>
<status status="PASS" starttime="20210606 13:53:31.171" endtime="20210606 13:53:38.651"/>
</test>
<doc>This is my end to end suite</doc>
<status status="PASS" starttime="20210606 13:53:30.961" endtime="20210606 13:53:38.653"/>
</suite>
<statistics>
<total>
<stat pass="1" fail="0" skip="0">All Tests</stat>
</total>
<tag>
<stat pass="1" fail="0" skip="0">test1</stat>
</tag>
<suite>
<stat pass="1" fail="0" skip="0" id="s1" name="End to End">End to End</stat>
</suite>
</statistics>
<errors>
</errors>
</robot>
