<?xml version="1.0" encoding="UTF-8"?>
<robot generator="Robot 4.0 (Python 3.8.9 on win32)" generated="20210511 19:33:21.241" rpa="false" schemaversion="2">
<suite id="s1" name="Front Office" source="C:\development\robot-scripts\front-office-1\tests\Front_Office.robot">
<test id="s1-t1" name="Should be able to access &quot;Team&quot; page">
<kw name="Begin Web Test" library="CommonWeb" type="SETUP">
<kw name="Open Browser" library="SeleniumLibrary">
<arg>about:blank</arg>
<arg>${BROWSER}</arg>
<doc>Opens a new browser instance to the optional ``url``.</doc>
<msg timestamp="20210511 19:33:21.455" level="INFO">Opening browser 'chrome' to base url 'about:blank'.</msg>
<status status="PASS" starttime="20210511 19:33:21.455" endtime="20210511 19:33:23.667"/>
</kw>
<status status="PASS" starttime="20210511 19:33:21.454" endtime="20210511 19:33:23.667"/>
</kw>
<kw name="Log" library="BuiltIn">
<arg>Executing test 1</arg>
<doc>Logs the given message with the given level.</doc>
<msg timestamp="20210511 19:33:23.668" level="INFO">Executing test 1</msg>
<status status="PASS" starttime="20210511 19:33:23.667" endtime="20210511 19:33:23.668"/>
</kw>
<kw name="Sleep" library="BuiltIn">
<arg>2s</arg>
<doc>Pauses the test executed for the given time.</doc>
<msg timestamp="20210511 19:33:25.677" level="INFO">Slept 2 seconds</msg>
<status status="PASS" starttime="20210511 19:33:23.668" endtime="20210511 19:33:25.677"/>
</kw>
<kw name="End Web Test" library="CommonWeb" type="TEARDOWN">
<kw name="Close All Browsers" library="SeleniumLibrary">
<doc>Closes all open browsers and resets the browser cache.</doc>
<status status="PASS" starttime="20210511 19:33:25.680" endtime="20210511 19:33:27.914"/>
</kw>
<status status="PASS" starttime="20210511 19:33:25.678" endtime="20210511 19:33:27.914"/>
</kw>
<doc>This is test 1</doc>
<tag>test1</tag>
<status status="PASS" starttime="20210511 19:33:21.454" endtime="20210511 19:33:27.915"/>
</test>
<test id="s1-t2" name="&quot;Team&quot; page should match requirements">
<kw name="Begin Web Test" library="CommonWeb" type="SETUP">
<kw name="Open Browser" library="SeleniumLibrary">
<arg>about:blank</arg>
<arg>${BROWSER}</arg>
<doc>Opens a new browser instance to the optional ``url``.</doc>
<msg timestamp="20210511 19:33:27.918" level="INFO">Opening browser 'chrome' to base url 'about:blank'.</msg>
<status status="PASS" starttime="20210511 19:33:27.918" endtime="20210511 19:33:29.954"/>
</kw>
<status status="PASS" starttime="20210511 19:33:27.918" endtime="20210511 19:33:29.954"/>
</kw>
<kw name="Log" library="BuiltIn">
<arg>Executing test 2</arg>
<doc>Logs the given message with the given level.</doc>
<msg timestamp="20210511 19:33:29.955" level="INFO">Executing test 2</msg>
<status status="PASS" starttime="20210511 19:33:29.955" endtime="20210511 19:33:29.955"/>
</kw>
<kw name="Sleep" library="BuiltIn">
<arg>2s</arg>
<doc>Pauses the test executed for the given time.</doc>
<msg timestamp="20210511 19:33:31.971" level="INFO">Slept 2 seconds</msg>
<status status="PASS" starttime="20210511 19:33:29.956" endtime="20210511 19:33:31.971"/>
</kw>
<kw name="End Web Test" library="CommonWeb" type="TEARDOWN">
<kw name="Close All Browsers" library="SeleniumLibrary">
<doc>Closes all open browsers and resets the browser cache.</doc>
<status status="PASS" starttime="20210511 19:33:31.974" endtime="20210511 19:33:34.214"/>
</kw>
<status status="PASS" starttime="20210511 19:33:31.972" endtime="20210511 19:33:34.215"/>
</kw>
<doc>This is test 2</doc>
<tag>test2</tag>
<status status="PASS" starttime="20210511 19:33:27.917" endtime="20210511 19:33:34.216"/>
</test>
<doc>Talk about what this suite of tests does</doc>
<status status="PASS" starttime="20210511 19:33:21.244" endtime="20210511 19:33:34.223"/>
</suite>
<statistics>
<total>
<stat pass="2" fail="0" skip="0">All Tests</stat>
</total>
<tag>
<stat pass="1" fail="0" skip="0">test1</stat>
<stat pass="1" fail="0" skip="0">test2</stat>
</tag>
<suite>
<stat pass="2" fail="0" skip="0" id="s1" name="Front Office">Front Office</stat>
</suite>
</statistics>
<errors>
</errors>
</robot>
