<?xml version="1.0" encoding="UTF-8"?>
<robot generator="Robot 4.0.2 (Python 3.9.5 on win32)" generated="20210523 19:07:07.756" rpa="false" schemaversion="2">
<suite id="s1" name="Amazon" source="C:\development\robot-scripts\amazon-new\tests\amazon.robot">
<test id="s1-t1" name="User must sign in to check out">
<kw name="Open Browser" library="SeleniumLibrary">
<arg>http://www.amazon.com</arg>
<arg>chrome</arg>
<doc>Opens a new browser instance to the optional ``url``.</doc>
<msg timestamp="20210523 19:07:07.951" level="INFO">Opening browser 'chrome' to base url 'http://www.amazon.com'.</msg>
<status status="PASS" starttime="20210523 19:07:07.950" endtime="20210523 19:07:11.099"/>
</kw>
<kw name="Wait Until Page Contains" library="SeleniumLibrary">
<arg>amazon</arg>
<doc>Waits until ``text`` appears on the current page.</doc>
<status status="PASS" starttime="20210523 19:07:11.099" endtime="20210523 19:07:11.359"/>
</kw>
<kw name="Sleep" library="BuiltIn">
<arg>2s</arg>
<doc>Pauses the test executed for the given time.</doc>
<msg timestamp="20210523 19:07:13.374" level="INFO">Slept 2 seconds</msg>
<status status="PASS" starttime="20210523 19:07:11.359" endtime="20210523 19:07:13.374"/>
</kw>
<kw name="Input Text" library="SeleniumLibrary">
<arg>id=twotabsearchtextbox</arg>
<arg>Ferrari 458</arg>
<doc>Types the given ``text`` into the text field identified by ``locator``.</doc>
<msg timestamp="20210523 19:07:13.377" level="INFO">Typing text 'Ferrari 458' into text field 'id=twotabsearchtextbox'.</msg>
<status status="PASS" starttime="20210523 19:07:13.376" endtime="20210523 19:07:13.611"/>
</kw>
<kw name="Sleep" library="BuiltIn">
<arg>2s</arg>
<doc>Pauses the test executed for the given time.</doc>
<msg timestamp="20210523 19:07:15.616" level="INFO">Slept 2 seconds</msg>
<status status="PASS" starttime="20210523 19:07:13.611" endtime="20210523 19:07:15.616"/>
</kw>
<kw name="Click Button" library="SeleniumLibrary">
<arg>xpath=//*[@id="nav-search-submit-button"]</arg>
<doc>Clicks the button identified by ``locator``.</doc>
<msg timestamp="20210523 19:07:15.617" level="INFO">Clicking button 'xpath=//*[@id="nav-search-submit-button"]'.</msg>
<status status="PASS" starttime="20210523 19:07:15.617" endtime="20210523 19:07:17.423"/>
</kw>
<kw name="Sleep" library="BuiltIn">
<arg>2s</arg>
<doc>Pauses the test executed for the given time.</doc>
<msg timestamp="20210523 19:07:19.434" level="INFO">Slept 2 seconds</msg>
<status status="PASS" starttime="20210523 19:07:17.424" endtime="20210523 19:07:19.434"/>
</kw>
<kw name="Wait Until Page Contains" library="SeleniumLibrary">
<arg>results for "Ferrari 458"</arg>
<doc>Waits until ``text`` appears on the current page.</doc>
<status status="PASS" starttime="20210523 19:07:19.435" endtime="20210523 19:07:19.472"/>
</kw>
<kw name="Sleep" library="BuiltIn">
<arg>2s</arg>
<doc>Pauses the test executed for the given time.</doc>
<msg timestamp="20210523 19:07:21.484" level="INFO">Slept 2 seconds</msg>
<status status="PASS" starttime="20210523 19:07:19.474" endtime="20210523 19:07:21.484"/>
</kw>
<kw name="Click Link" library="SeleniumLibrary">
<arg>css=#search &gt; div.s-desktop-width-max.s-opposite-dir &gt; div &gt; div.s-matching-dir.sg-col-16-of-20.sg-col.sg-col-8-of-12.sg-col-12-of-16 &gt; div &gt; span:nth-child(4) &gt; div.s-main-slot.s-result-list.s-search-results.sg-row &gt; div:nth-child(9) &gt; div &gt; span &gt; div &gt; div &gt; div:nth-child(3) &gt; h2 &gt; a</arg>
<doc>Clicks a link identified by ``locator``.</doc>
<msg timestamp="20210523 19:07:21.488" level="INFO">Clicking link 'css=#search &gt; div.s-desktop-width-max.s-opposite-dir &gt; div &gt; div.s-matching-dir.sg-col-16-of-20.sg-col.sg-col-8-of-12.sg-col-12-of-16 &gt; div &gt; span:nth-child(4) &gt; div.s-main-slot.s-result-list.s-search-results.sg-row &gt; div:nth-child(9) &gt; div &gt; span &gt; div &gt; div &gt; div:nth-child(3) &gt; h2 &gt; a'.</msg>
<status status="PASS" starttime="20210523 19:07:21.487" endtime="20210523 19:07:23.712"/>
</kw>
<kw name="Sleep" library="BuiltIn">
<arg>2s</arg>
<doc>Pauses the test executed for the given time.</doc>
<msg timestamp="20210523 19:07:25.727" level="INFO">Slept 2 seconds</msg>
<status status="PASS" starttime="20210523 19:07:23.713" endtime="20210523 19:07:25.727"/>
</kw>
<kw name="Wait Until Page Contains" library="SeleniumLibrary">
<arg>Back to results</arg>
<doc>Waits until ``text`` appears on the current page.</doc>
<status status="PASS" starttime="20210523 19:07:25.728" endtime="20210523 19:07:25.785"/>
</kw>
<kw name="Sleep" library="BuiltIn">
<arg>2s</arg>
<doc>Pauses the test executed for the given time.</doc>
<msg timestamp="20210523 19:07:27.797" level="INFO">Slept 2 seconds</msg>
<status status="PASS" starttime="20210523 19:07:25.785" endtime="20210523 19:07:27.797"/>
</kw>
<kw name="Click Button" library="SeleniumLibrary">
<arg>id=add-to-cart-button</arg>
<doc>Clicks the button identified by ``locator``.</doc>
<msg timestamp="20210523 19:07:27.799" level="INFO">Clicking button 'id=add-to-cart-button'.</msg>
<status status="PASS" starttime="20210523 19:07:27.798" endtime="20210523 19:07:28.015"/>
</kw>
<kw name="Sleep" library="BuiltIn">
<arg>2s</arg>
<doc>Pauses the test executed for the given time.</doc>
<msg timestamp="20210523 19:07:30.029" level="INFO">Slept 2 seconds</msg>
<status status="PASS" starttime="20210523 19:07:28.016" endtime="20210523 19:07:30.030"/>
</kw>
<kw name="Wait Until Page Contains" library="SeleniumLibrary">
<arg>Added to Cart</arg>
<doc>Waits until ``text`` appears on the current page.</doc>
<status status="PASS" starttime="20210523 19:07:30.031" endtime="20210523 19:07:30.092"/>
</kw>
<kw name="Sleep" library="BuiltIn">
<arg>2s</arg>
<doc>Pauses the test executed for the given time.</doc>
<msg timestamp="20210523 19:07:32.107" level="INFO">Slept 2 seconds</msg>
<status status="PASS" starttime="20210523 19:07:30.093" endtime="20210523 19:07:32.107"/>
</kw>
<kw name="Click Link" library="SeleniumLibrary">
<arg>id=hlb-ptc-btn-native</arg>
<doc>Clicks a link identified by ``locator``.</doc>
<msg timestamp="20210523 19:07:32.110" level="INFO">Clicking link 'id=hlb-ptc-btn-native'.</msg>
<kw name="Capture Page Screenshot" library="SeleniumLibrary">
<doc>Takes a screenshot of the current page and embeds it into a log file.</doc>
<msg timestamp="20210523 19:07:32.641" level="INFO" html="true">&lt;/td&gt;&lt;/tr&gt;&lt;tr&gt;&lt;td colspan="3"&gt;&lt;a href="selenium-screenshot-8.png"&gt;&lt;img src="selenium-screenshot-8.png" width="800px"&gt;&lt;/a&gt;</msg>
<status status="PASS" starttime="20210523 19:07:32.137" endtime="20210523 19:07:32.641"/>
</kw>
<msg timestamp="20210523 19:07:32.643" level="FAIL">Link with locator 'id=hlb-ptc-btn-native' not found.</msg>
<status status="FAIL" starttime="20210523 19:07:32.109" endtime="20210523 19:07:32.643"/>
</kw>
<kw name="Page Should Contain Element" library="SeleniumLibrary">
<arg>Sign-In</arg>
<doc>Verifies that element ``locator`` is found on the current page.</doc>
<status status="NOT RUN" starttime="20210523 19:07:32.644" endtime="20210523 19:07:32.644"/>
</kw>
<kw name="Sleep" library="BuiltIn">
<arg>2s</arg>
<doc>Pauses the test executed for the given time.</doc>
<status status="NOT RUN" starttime="20210523 19:07:32.645" endtime="20210523 19:07:32.645"/>
</kw>
<kw name="Close Browser" library="SeleniumLibrary">
<doc>Closes the current browser.</doc>
<status status="NOT RUN" starttime="20210523 19:07:32.645" endtime="20210523 19:07:32.645"/>
</kw>
<doc>This is some basic info about the test</doc>
<tag>Smoke</tag>
<status status="FAIL" starttime="20210523 19:07:07.950" endtime="20210523 19:07:32.646">Link with locator 'id=hlb-ptc-btn-native' not found.</status>
</test>
<doc>This is some basic info about the whole suite</doc>
<status status="FAIL" starttime="20210523 19:07:07.758" endtime="20210523 19:07:32.648"/>
</suite>
<statistics>
<total>
<stat pass="0" fail="1" skip="0">All Tests</stat>
</total>
<tag>
<stat pass="0" fail="1" skip="0">Smoke</stat>
</tag>
<suite>
<stat pass="0" fail="1" skip="0" id="s1" name="Amazon">Amazon</stat>
</suite>
</statistics>
<errors>
</errors>
</robot>
