<?xml version="1.0" encoding="UTF-8"?>
<robot generator="Robot 4.0 (Python 3.8.9 on win32)" generated="20210516 20:02:44.820" rpa="false" schemaversion="2">
<suite id="s1" name="Front Office" source="C:\development\robot-scripts\front-office-3\tests\Front_Office.robot">
<test id="s1-t1" name="Should be able to access &quot;Team&quot; page">
<kw name="Begin Web Test" library="CommonWeb" type="SETUP">
<kw name="Open Browser" library="SeleniumLibrary">
<arg>about:blank</arg>
<arg>${BROWSER}</arg>
<doc>Opens a new browser instance to the optional ``url``.</doc>
<msg timestamp="20210516 20:02:45.025" level="INFO">Opening browser 'ff' to base url 'about:blank'.</msg>
<msg timestamp="20210516 20:02:45.028" level="INFO">Firefox driver log is always forced to to: C:\development\robot-scripts\front-office-3\results\geckodriver-1.log</msg>
<status status="PASS" starttime="20210516 20:02:45.025" endtime="20210516 20:02:54.045"/>
</kw>
<status status="PASS" starttime="20210516 20:02:45.024" endtime="20210516 20:02:54.045"/>
</kw>
<kw name="Go to Landing Page" library="FrontOfficeApp">
<kw name="Navigate To" library="Landing">
<kw name="Go To" library="SeleniumLibrary">
<arg>${URL}</arg>
<doc>Navigates the current browser window to the provided ``url``.</doc>
<msg timestamp="20210516 20:02:54.046" level="INFO">Opening url 'http://www.robotframeworktutorial.com/front-office/'</msg>
<status status="PASS" starttime="20210516 20:02:54.046" endtime="20210516 20:02:54.956"/>
</kw>
<status status="PASS" starttime="20210516 20:02:54.046" endtime="20210516 20:02:54.957"/>
</kw>
<kw name="Verify Page Loaded" library="Landing">
<kw name="Wait Until Page Contains Element" library="SeleniumLibrary">
<arg>${LANDING_NAVIGATION_ELEMENT}</arg>
<doc>Waits until the element ``locator`` appears on the current page.</doc>
<status status="PASS" starttime="20210516 20:02:54.957" endtime="20210516 20:02:54.966"/>
</kw>
<status status="PASS" starttime="20210516 20:02:54.957" endtime="20210516 20:02:54.966"/>
</kw>
<status status="PASS" starttime="20210516 20:02:54.046" endtime="20210516 20:02:54.967"/>
</kw>
<kw name="Go to &quot;Team&quot; Page" library="FrontOfficeApp">
<kw name="Select &quot;Team&quot; Page" library="TopNav">
<kw name="Click Element" library="SeleniumLibrary">
<arg>${TOP_NAV_TEAM_LINK}</arg>
<doc>Click the element identified by ``locator``.</doc>
<msg timestamp="20210516 20:02:54.969" level="INFO">Clicking element 'css=#bs-example-navbar-collapse-1 &gt; ul &gt; li:nth-child(5) &gt; a'.</msg>
<status status="PASS" starttime="20210516 20:02:54.968" endtime="20210516 20:02:55.209"/>
</kw>
<kw name="Sleep" library="BuiltIn">
<arg>3s</arg>
<doc>Pauses the test executed for the given time.</doc>
<msg timestamp="20210516 20:02:58.219" level="INFO">Slept 3 seconds</msg>
<status status="PASS" starttime="20210516 20:02:55.210" endtime="20210516 20:02:58.219"/>
</kw>
<status status="PASS" starttime="20210516 20:02:54.968" endtime="20210516 20:02:58.219"/>
</kw>
<kw name="Verify Page Loaded" library="Team">
<kw name="Wait Until Page Contains Element" library="SeleniumLibrary">
<arg>${TEAM_HEADER_LABEL}</arg>
<doc>Waits until the element ``locator`` appears on the current page.</doc>
<status status="PASS" starttime="20210516 20:02:58.220" endtime="20210516 20:02:58.226"/>
</kw>
<status status="PASS" starttime="20210516 20:02:58.219" endtime="20210516 20:02:58.226"/>
</kw>
<status status="PASS" starttime="20210516 20:02:54.967" endtime="20210516 20:02:58.226"/>
</kw>
<kw name="End Web Test" library="CommonWeb" type="TEARDOWN">
<kw name="Close All Browsers" library="SeleniumLibrary">
<doc>Closes all open browsers and resets the browser cache.</doc>
<status status="PASS" starttime="20210516 20:02:58.227" endtime="20210516 20:03:01.202"/>
</kw>
<status status="PASS" starttime="20210516 20:02:58.227" endtime="20210516 20:03:01.202"/>
</kw>
<doc>This is test 1</doc>
<tag>test1</tag>
<status status="PASS" starttime="20210516 20:02:45.023" endtime="20210516 20:03:01.203"/>
</test>
<test id="s1-t2" name="&quot;Team&quot; page should match requirements">
<kw name="Begin Web Test" library="CommonWeb" type="SETUP">
<kw name="Open Browser" library="SeleniumLibrary">
<arg>about:blank</arg>
<arg>${BROWSER}</arg>
<doc>Opens a new browser instance to the optional ``url``.</doc>
<msg timestamp="20210516 20:03:01.205" level="INFO">Opening browser 'ff' to base url 'about:blank'.</msg>
<msg timestamp="20210516 20:03:01.205" level="INFO">Firefox driver log is always forced to to: C:\development\robot-scripts\front-office-3\results\geckodriver-2.log</msg>
<status status="PASS" starttime="20210516 20:03:01.204" endtime="20210516 20:03:08.013"/>
</kw>
<status status="PASS" starttime="20210516 20:03:01.204" endtime="20210516 20:03:08.013"/>
</kw>
<kw name="Log" library="BuiltIn">
<arg>Executing test 2</arg>
<doc>Logs the given message with the given level.</doc>
<msg timestamp="20210516 20:03:08.014" level="INFO">Executing test 2</msg>
<status status="PASS" starttime="20210516 20:03:08.014" endtime="20210516 20:03:08.014"/>
</kw>
<kw name="Go to Landing Page" library="FrontOfficeApp">
<kw name="Navigate To" library="Landing">
<kw name="Go To" library="SeleniumLibrary">
<arg>${URL}</arg>
<doc>Navigates the current browser window to the provided ``url``.</doc>
<msg timestamp="20210516 20:03:08.016" level="INFO">Opening url 'http://www.robotframeworktutorial.com/front-office/'</msg>
<status status="PASS" starttime="20210516 20:03:08.015" endtime="20210516 20:03:08.908"/>
</kw>
<status status="PASS" starttime="20210516 20:03:08.015" endtime="20210516 20:03:08.909"/>
</kw>
<kw name="Verify Page Loaded" library="Landing">
<kw name="Wait Until Page Contains Element" library="SeleniumLibrary">
<arg>${LANDING_NAVIGATION_ELEMENT}</arg>
<doc>Waits until the element ``locator`` appears on the current page.</doc>
<status status="PASS" starttime="20210516 20:03:08.909" endtime="20210516 20:03:08.918"/>
</kw>
<status status="PASS" starttime="20210516 20:03:08.909" endtime="20210516 20:03:08.918"/>
</kw>
<status status="PASS" starttime="20210516 20:03:08.015" endtime="20210516 20:03:08.918"/>
</kw>
<kw name="Go to &quot;Team&quot; Page" library="FrontOfficeApp">
<kw name="Select &quot;Team&quot; Page" library="TopNav">
<kw name="Click Element" library="SeleniumLibrary">
<arg>${TOP_NAV_TEAM_LINK}</arg>
<doc>Click the element identified by ``locator``.</doc>
<msg timestamp="20210516 20:03:08.920" level="INFO">Clicking element 'css=#bs-example-navbar-collapse-1 &gt; ul &gt; li:nth-child(5) &gt; a'.</msg>
<status status="PASS" starttime="20210516 20:03:08.920" endtime="20210516 20:03:09.156"/>
</kw>
<kw name="Sleep" library="BuiltIn">
<arg>3s</arg>
<doc>Pauses the test executed for the given time.</doc>
<msg timestamp="20210516 20:03:12.168" level="INFO">Slept 3 seconds</msg>
<status status="PASS" starttime="20210516 20:03:09.157" endtime="20210516 20:03:12.168"/>
</kw>
<status status="PASS" starttime="20210516 20:03:08.919" endtime="20210516 20:03:12.169"/>
</kw>
<kw name="Verify Page Loaded" library="Team">
<kw name="Wait Until Page Contains Element" library="SeleniumLibrary">
<arg>${TEAM_HEADER_LABEL}</arg>
<doc>Waits until the element ``locator`` appears on the current page.</doc>
<status status="PASS" starttime="20210516 20:03:12.170" endtime="20210516 20:03:12.186"/>
</kw>
<status status="PASS" starttime="20210516 20:03:12.169" endtime="20210516 20:03:12.186"/>
</kw>
<status status="PASS" starttime="20210516 20:03:08.919" endtime="20210516 20:03:12.187"/>
</kw>
<kw name="Validate &quot;Team&quot; Page" library="FrontOfficeApp">
<kw name="Validate Page Contents" library="Team">
<kw name="Get Text" library="SeleniumLibrary">
<var>${ElementText}</var>
<arg>${TEAM_HEADER_LABEL}</arg>
<doc>Returns the text value of the element identified by ``locator``.</doc>
<msg timestamp="20210516 20:03:12.249" level="INFO">${ElementText} = OUR AMAZING TEAM</msg>
<status status="PASS" starttime="20210516 20:03:12.190" endtime="20210516 20:03:12.249"/>
</kw>
<kw name="Should Be Equal As Strings" library="BuiltIn">
<arg>${ElementText}</arg>
<arg>Our Amazing Team</arg>
<arg>ignore_case=true</arg>
<doc>Fails if objects are unequal after converting them to strings.</doc>
<status status="PASS" starttime="20210516 20:03:12.249" endtime="20210516 20:03:12.250"/>
</kw>
<status status="PASS" starttime="20210516 20:03:12.189" endtime="20210516 20:03:12.250"/>
</kw>
<status status="PASS" starttime="20210516 20:03:12.188" endtime="20210516 20:03:12.251"/>
</kw>
<kw name="End Web Test" library="CommonWeb" type="TEARDOWN">
<kw name="Close All Browsers" library="SeleniumLibrary">
<doc>Closes all open browsers and resets the browser cache.</doc>
<status status="PASS" starttime="20210516 20:03:12.252" endtime="20210516 20:03:15.229"/>
</kw>
<status status="PASS" starttime="20210516 20:03:12.252" endtime="20210516 20:03:15.229"/>
</kw>
<doc>This is test 2</doc>
<tag>test2</tag>
<status status="PASS" starttime="20210516 20:03:01.204" endtime="20210516 20:03:15.229"/>
</test>
<doc>Talk about what this suite of tests does</doc>
<status status="PASS" starttime="20210516 20:02:44.822" endtime="20210516 20:03:15.231"/>
</suite>
<statistics>
<total>
<stat pass="2" fail="0" skip="0">All Tests</stat>
</total>
<tag>
<stat pass="1" fail="0" skip="0">test1</stat>
<stat pass="1" fail="0" skip="0">test2</stat>
</tag>
<suite>
<stat pass="2" fail="0" skip="0" id="s1" name="Front Office">Front Office</stat>
</suite>
</statistics>
<errors>
</errors>
</robot>
