<?xml version="1.0" encoding="UTF-8"?>
<robot generator="Robot 4.0.2 (Python 3.9.5 on win32)" generated="20210526 12:58:32.617" rpa="false" schemaversion="2">
<suite id="s1" name="Elseif" source="C:\development\robot-scripts\conditionals\tests\elseif.robot">
<test id="s1-t1" name="Testing a true IF statement">
<kw name="Run Keyword If" library="BuiltIn">
<arg>${MY_VALUE} &gt; 50</arg>
<arg>Keyword 1</arg>
<doc>Runs the given keyword with the given arguments, if ``condition`` is true.</doc>
<kw name="Keyword 1">
<kw name="Log" library="BuiltIn">
<arg>In keyword 1</arg>
<doc>Logs the given message with the given level.</doc>
<msg timestamp="20210526 12:58:32.644" level="INFO">In keyword 1</msg>
<status status="PASS" starttime="20210526 12:58:32.643" endtime="20210526 12:58:32.644"/>
</kw>
<status status="PASS" starttime="20210526 12:58:32.643" endtime="20210526 12:58:32.644"/>
</kw>
<status status="PASS" starttime="20210526 12:58:32.642" endtime="20210526 12:58:32.644"/>
</kw>
<status status="PASS" starttime="20210526 12:58:32.642" endtime="20210526 12:58:32.644"/>
</test>
<test id="s1-t2" name="Testing a false IF statement">
<kw name="Run Keyword If" library="BuiltIn">
<arg>${MY_VALUE} &gt; 200</arg>
<arg>Keyword 1</arg>
<doc>Runs the given keyword with the given arguments, if ``condition`` is true.</doc>
<status status="PASS" starttime="20210526 12:58:32.645" endtime="20210526 12:58:32.646"/>
</kw>
<status status="PASS" starttime="20210526 12:58:32.645" endtime="20210526 12:58:32.646"/>
</test>
<test id="s1-t3" name="Testing an IF/ELSE statement">
<kw name="Run Keyword If" library="BuiltIn">
<arg>${MY_VALUE} &gt; 200</arg>
<arg>Keyword 1</arg>
<arg>ELSE</arg>
<arg>Keyword 2</arg>
<doc>Runs the given keyword with the given arguments, if ``condition`` is true.</doc>
<kw name="Keyword 2">
<kw name="Log" library="BuiltIn">
<arg>In keyword 2</arg>
<doc>Logs the given message with the given level.</doc>
<msg timestamp="20210526 12:58:32.648" level="INFO">In keyword 2</msg>
<status status="PASS" starttime="20210526 12:58:32.648" endtime="20210526 12:58:32.648"/>
</kw>
<status status="PASS" starttime="20210526 12:58:32.648" endtime="20210526 12:58:32.648"/>
</kw>
<status status="PASS" starttime="20210526 12:58:32.647" endtime="20210526 12:58:32.648"/>
</kw>
<status status="PASS" starttime="20210526 12:58:32.647" endtime="20210526 12:58:32.648"/>
</test>
<test id="s1-t4" name="Testing an IF/ElSE IF/ELSE statement">
<kw name="Run Keyword If" library="BuiltIn">
<arg>${MY_VALUE} &gt; 200</arg>
<arg>Keyword 1</arg>
<arg>ELSE IF</arg>
<arg>${MY_VALUE} == 10</arg>
<arg>Keyword 2</arg>
<arg>ELSE</arg>
<arg>Keyword 3</arg>
<doc>Runs the given keyword with the given arguments, if ``condition`` is true.</doc>
<kw name="Keyword 3">
<kw name="Log" library="BuiltIn">
<arg>In keyword 3</arg>
<doc>Logs the given message with the given level.</doc>
<msg timestamp="20210526 12:58:32.650" level="INFO">In keyword 3</msg>
<status status="PASS" starttime="20210526 12:58:32.650" endtime="20210526 12:58:32.651"/>
</kw>
<status status="PASS" starttime="20210526 12:58:32.650" endtime="20210526 12:58:32.651"/>
</kw>
<status status="PASS" starttime="20210526 12:58:32.650" endtime="20210526 12:58:32.651"/>
</kw>
<status status="PASS" starttime="20210526 12:58:32.649" endtime="20210526 12:58:32.651"/>
</test>
<status status="PASS" starttime="20210526 12:58:32.619" endtime="20210526 12:58:32.652"/>
</suite>
<statistics>
<total>
<stat pass="4" fail="0" skip="0">All Tests</stat>
</total>
<tag>
</tag>
<suite>
<stat pass="4" fail="0" skip="0" id="s1" name="Elseif">Elseif</stat>
</suite>
</statistics>
<errors>
</errors>
</robot>
