<?xml version="1.0" encoding="UTF-8"?>
<robot generator="Robot 4.0 (Python 3.8.9 on win32)" generated="20210420 18:40:58.384" rpa="false" schemaversion="2">
<suite id="s1" name="Amazon" source="c:\development\robot-scripts\amazon\tests\amazon.robot">
<test id="s1-t1" name="User must sign in to check out">
<kw name="Open Browser" library="SeleniumLibrary">
<arg>http://www.amazon.com</arg>
<arg>${BROWSER}</arg>
<doc>Opens a new browser instance to the optional ``url``.</doc>
<msg timestamp="20210420 18:40:58.786" level="INFO">Opening browser 'firefox' to base url 'http://www.amazon.com'.</msg>
<msg timestamp="20210420 18:40:58.787" level="INFO">Firefox driver log is always forced to to: c:\development\robot-scripts\amazon\results\taskscheduler\win10Firefox\geckodriver-2.log</msg>
<status status="PASS" starttime="20210420 18:40:58.785" endtime="20210420 18:41:06.908"/>
</kw>
<kw name="Sleep" library="BuiltIn">
<arg>2s</arg>
<doc>Pauses the test executed for the given time.</doc>
<msg timestamp="20210420 18:41:08.919" level="INFO">Slept 2 seconds</msg>
<status status="PASS" starttime="20210420 18:41:06.909" endtime="20210420 18:41:08.919"/>
</kw>
<kw name="Close Browser" library="SeleniumLibrary">
<doc>Closes the current browser.</doc>
<status status="PASS" starttime="20210420 18:41:08.920" endtime="20210420 18:41:12.271"/>
</kw>
<doc>This is some basic info about the test</doc>
<tag>Smoke</tag>
<status status="PASS" starttime="20210420 18:40:58.783" endtime="20210420 18:41:12.272"/>
</test>
<doc>This is some basic info about the whole suite</doc>
<status status="PASS" starttime="20210420 18:40:58.386" endtime="20210420 18:41:12.274"/>
</suite>
<statistics>
<total>
<stat pass="1" fail="0" skip="0">All Tests</stat>
</total>
<tag>
<stat pass="1" fail="0" skip="0">Smoke</stat>
</tag>
<suite>
<stat pass="1" fail="0" skip="0" id="s1" name="Amazon">Amazon</stat>
</suite>
</statistics>
<errors>
</errors>
</robot>
