<?xml version="1.0" encoding="UTF-8"?>
<robot generator="Robot 4.0 (Python 3.8.9 on win32)" generated="20210420 18:32:50.754" rpa="false" schemaversion="2">
<suite id="s1" name="Amazon" source="c:\development\robot-scripts\amazon\tests\amazon.robot">
<test id="s1-t1" name="User must sign in to check out">
<kw name="Open Browser" library="SeleniumLibrary">
<arg>http://www.amazon.com</arg>
<arg>${BROWSER}</arg>
<doc>Opens a new browser instance to the optional ``url``.</doc>
<msg timestamp="20210420 18:32:51.107" level="INFO">Opening browser 'chrome' to base url 'http://www.amazon.com'.</msg>
<status status="PASS" starttime="20210420 18:32:51.107" endtime="20210420 18:32:55.936"/>
</kw>
<kw name="Sleep" library="BuiltIn">
<arg>2s</arg>
<doc>Pauses the test executed for the given time.</doc>
<msg timestamp="20210420 18:32:57.986" level="INFO">Slept 2 seconds</msg>
<status status="PASS" starttime="20210420 18:32:55.978" endtime="20210420 18:32:57.986"/>
</kw>
<kw name="Close Browser" library="SeleniumLibrary">
<doc>Closes the current browser.</doc>
<status status="PASS" starttime="20210420 18:32:57.986" endtime="20210420 18:33:01.748"/>
</kw>
<doc>This is some basic info about the test</doc>
<tag>Smoke</tag>
<status status="PASS" starttime="20210420 18:32:51.105" endtime="20210420 18:33:01.750"/>
</test>
<doc>This is some basic info about the whole suite</doc>
<status status="PASS" starttime="20210420 18:32:50.756" endtime="20210420 18:33:01.754"/>
</suite>
<statistics>
<total>
<stat pass="1" fail="0" skip="0">All Tests</stat>
</total>
<tag>
<stat pass="1" fail="0" skip="0">Smoke</stat>
</tag>
<suite>
<stat pass="1" fail="0" skip="0" id="s1" name="Amazon">Amazon</stat>
</suite>
</statistics>
<errors>
</errors>
</robot>
